/mnt/home/bbhattarai/.local/lib/python3.7/site-packages/galpy/util/bovy_coords.py:6: FutureWarning: galpy.util.bovy_coords is being deprecated in favor of galpy.util.coords; all functions in there are the same; please switch to the new import, because the old import will be removed in v1.9
  warnings.warn('galpy.util.bovy_coords is being deprecated in favor of galpy.util.coords; all functions in there are the same; please switch to the new import, because the old import will be removed in v1.9',FutureWarning)

Traceback (most recent call last):
  File "/mnt/home/bbhattarai/resonance_sweeping/calculate_bar_angles_fft.py", line 35, in <module>
    bin_centres=bins[:-1]+(bins[1]-bins[0])/2
NameError: name 'bins' is not defined
/mnt/home/bbhattarai/.local/lib/python3.7/site-packages/galpy/util/bovy_coords.py:6: FutureWarning: galpy.util.bovy_coords is being deprecated in favor of galpy.util.coords; all functions in there are the same; please switch to the new import, because the old import will be removed in v1.9
  warnings.warn('galpy.util.bovy_coords is being deprecated in favor of galpy.util.coords; all functions in there are the same; please switch to the new import, because the old import will be removed in v1.9',FutureWarning)

Traceback (most recent call last):
  File "/mnt/home/bbhattarai/resonance_sweeping/calculate_bar_angles_fft.py", line 35, in <module>
    bin_centres=bins[:-1]+(bins[1]-bins[0])/2
NameError: name 'bins' is not defined
/mnt/home/bbhattarai/.local/lib/python3.7/site-packages/galpy/util/bovy_coords.py:6: FutureWarning: galpy.util.bovy_coords is being deprecated in favor of galpy.util.coords; all functions in there are the same; please switch to the new import, because the old import will be removed in v1.9
  warnings.warn('galpy.util.bovy_coords is being deprecated in favor of galpy.util.coords; all functions in there are the same; please switch to the new import, because the old import will be removed in v1.9',FutureWarning)

Traceback (most recent call last):
  File "/mnt/home/bbhattarai/resonance_sweeping/calculate_bar_angles_fft.py", line 35, in <module>
    bin_centres=bins[:-1]+(bins[1]-bins[0])/2
NameError: name 'bins' is not defined
/mnt/home/bbhattarai/.local/lib/python3.7/site-packages/galpy/util/bovy_coords.py:6: FutureWarning: galpy.util.bovy_coords is being deprecated in favor of galpy.util.coords; all functions in there are the same; please switch to the new import, because the old import will be removed in v1.9
  warnings.warn('galpy.util.bovy_coords is being deprecated in favor of galpy.util.coords; all functions in there are the same; please switch to the new import, because the old import will be removed in v1.9',FutureWarning)

Traceback (most recent call last):
  File "/mnt/home/bbhattarai/resonance_sweeping/calculate_bar_angles_fft.py", line 35, in <module>
    bin_centres=bins[:-1]+(bins[1]-bins[0])/2
NameError: name 'bins' is not defined
/mnt/home/bbhattarai/.local/lib/python3.7/site-packages/galpy/util/bovy_coords.py:6: FutureWarning: galpy.util.bovy_coords is being deprecated in favor of galpy.util.coords; all functions in there are the same; please switch to the new import, because the old import will be removed in v1.9
  warnings.warn('galpy.util.bovy_coords is being deprecated in favor of galpy.util.coords; all functions in there are the same; please switch to the new import, because the old import will be removed in v1.9',FutureWarning)

Traceback (most recent call last):
  File "/mnt/home/bbhattarai/resonance_sweeping/calculate_bar_angles_fft.py", line 35, in <module>
    bin_centres=bins[:-1]+(bins[1]-bins[0])/2
NameError: name 'bins' is not defined
/mnt/home/bbhattarai/.local/lib/python3.7/site-packages/galpy/util/bovy_coords.py:6: FutureWarning: galpy.util.bovy_coords is being deprecated in favor of galpy.util.coords; all functions in there are the same; please switch to the new import, because the old import will be removed in v1.9
  warnings.warn('galpy.util.bovy_coords is being deprecated in favor of galpy.util.coords; all functions in there are the same; please switch to the new import, because the old import will be removed in v1.9',FutureWarning)

Traceback (most recent call last):
  File "/mnt/home/bbhattarai/resonance_sweeping/calculate_bar_angles_fft.py", line 35, in <module>
    counts, bins, patches=plt.hist(phi[barsample],bins=360,range=[-np.pi,np.pi])
NameError: name 'bins' is not defined
/mnt/home/bbhattarai/.local/lib/python3.7/site-packages/galpy/util/bovy_coords.py:6: FutureWarning: galpy.util.bovy_coords is being deprecated in favor of galpy.util.coords; all functions in there are the same; please switch to the new import, because the old import will be removed in v1.9
  warnings.warn('galpy.util.bovy_coords is being deprecated in favor of galpy.util.coords; all functions in there are the same; please switch to the new import, because the old import will be removed in v1.9',FutureWarning)

Traceback (most recent call last):
  File "/mnt/home/bbhattarai/resonance_sweeping/calculate_bar_angles_fft.py", line 35, in <module>
    counts, bins, patches=plt.hist(phi[barsample],bins=360,range=[-np.pi,np.pi])
NameError: name 'bins' is not defined
/mnt/home/bbhattarai/.local/lib/python3.7/site-packages/galpy/util/bovy_coords.py:6: FutureWarning: galpy.util.bovy_coords is being deprecated in favor of galpy.util.coords; all functions in there are the same; please switch to the new import, because the old import will be removed in v1.9
  warnings.warn('galpy.util.bovy_coords is being deprecated in favor of galpy.util.coords; all functions in there are the same; please switch to the new import, because the old import will be removed in v1.9',FutureWarning)

Traceback (most recent call last):
  File "/mnt/home/bbhattarai/resonance_sweeping/calculate_bar_angles_fft.py", line 35, in <module>
    counts, bins, patches=plt.hist(phi[barsample],bins=360,range=[-np.pi,np.pi])
NameError: name 'bins' is not defined
